ATT_NAY00001
ATT_NAY00002
ATT_NAY00003
ATT_NAY00004
ATT_NAY00005
ATT_NAY00006
ATT_NAY00007
ATT_NAY00008
ATT_NAY00009
ATT_NAY00010
ATT_NAY00011
ATT_NAY00012
ATT_NAY00013
ATT_NAY00014
ATT_NAY00015
ATT_NKS00001
ATT_NKS00002
ATT_NKS00003
ATT_NKS00004
ATT_NKS00005
ATT_NKS00006
ATT_NKS00007
ATT_NKS00008
ATT_NKS00009
ATT_NKS00010
ATT_NKS00011
ATT_NKS00012
ATT_NKS00013
ATT_NKS00014
ATT_NKS00015
ATT_NMH00001
ATT_NMH00002
ATT_NMH00003
ATT_NMH00004
ATT_NMH00005
ATT_NMH00006
ATT_NMH00007
ATT_NMH00008
ATT_NMH00009
ATT_NMH00010
ATT_NMH00011
ATT_NMH00012
ATT_NMH00013
ATT_NMH00014
ATT_NMH00015
ATT_NMY00001
ATT_NMY00002
ATT_NMY00003
ATT_NMY00004
ATT_NMY00005
ATT_NMY00006
ATT_NMY00007
ATT_NMY00008
ATT_NMY00009
ATT_NMY00010
ATT_NMY00011
ATT_NMY00012
ATT_NMY00013
ATT_NMY00014
ATT_NMY00015
ATT_NRO00001
ATT_NRO00002
ATT_NRO00003
ATT_NRO00004
ATT_NRO00005
ATT_NRO00006
ATT_NRO00007
ATT_NRO00008
ATT_NRO00009
ATT_NRO00010
ATT_NRO00011
ATT_NRO00012
ATT_NRO00013
ATT_NRO00014
ATT_NRO00015
ATT_NSC00001
ATT_NSC00002
ATT_NSC00003
ATT_NSC00004
ATT_NSC00005
ATT_NSC00006
ATT_NSC00007
ATT_NSC00008
ATT_NSC00009
ATT_NSC00010
ATT_NSC00011
ATT_NSC00012
ATT_NSC00013
ATT_NSC00014
ATT_NSC00015
ATT_NST00001
ATT_NST00002
ATT_NST00003
ATT_NST00004
ATT_NST00005
ATT_NST00006
ATT_NST00007
ATT_NST00008
ATT_NST00009
ATT_NST00010
ATT_NST00011
ATT_NST00012
ATT_NST00013
ATT_NST00014
ATT_NST00015
ATT_NYO00001
ATT_NYO00002
ATT_NYO00003
ATT_NYO00004
ATT_NYO00005
ATT_NYO00006
ATT_NYO00010
ATT_NYO00011
ATT_NYO00012
ATT_NYO00013
ATT_NYO00014
ATT_NYO00015
ATT_NYT00001
ATT_NYT00002
ATT_NYT00003
ATT_NYT00004
ATT_NYT00005
ATT_NYT00006
ATT_NYT00007
ATT_NYT00008
ATT_NYT00009
ATT_NYT00010
ATT_NYT00011
ATT_NYT00012
ATT_NYT00013
ATT_NYT00014
ATT_NYT00015
ATV_NAY00001
ATV_NAY00002
ATV_NAY00003
ATV_NKS00001
ATV_NKS00002
ATV_NKS00003
ATV_NMH00001
ATV_NMH00002
ATV_NMH00003
ATV_NMY00001
ATV_NMY00002
ATV_NMY00003
ATV_NRO00001
ATV_NRO00002
ATV_NRO00003
ATV_NSC00001
ATV_NSC00002
ATV_NSC00003
ATV_NST00001
ATV_NST00002
ATV_NST00003
ATV_NYO00001
ATV_NYO00002
ATV_NYO00003
ATV_NYT00001
ATV_NYT00002
ATV_NYT00003
COI_NAY00001
COI_NAY00002
COI_NAY00003
COI_NKS00001
COI_NKS00002
COI_NKS00003
COI_NMH00001
COI_NMH00002
COI_NMH00003
COI_NMY00001
COI_NMY00002
COI_NMY00003
COI_NRO00001
COI_NRO00002
COI_NRO00003
COI_NSC00001
COI_NSC00002
COI_NSC00003
COI_NST00001
COI_NST00002
COI_NST00003
COI_NYO00001
COI_NYO00002
COI_NYO00003
COI_NYT00001
COI_NYT00002
COI_NYT00003
HKH_NAY00001
HKH_NAY00002
HKH_NKS00001
HKH_NKS00002
HKH_NMH00001
HKH_NMH00002
HKH_NMY00001
HKH_NMY00002
HKH_NRO00001
HKH_NRO00002
HKH_NSC00001
HKH_NSC00002
HKH_NST00001
HKH_NST00002
HKH_NYO00001
HKH_NYO00002
HKH_NYT00001
HKH_NYT00002
HUH_NAY00001
HUH_NAY00002
HUH_NKS00001
HUH_NKS00002
HUH_NMH00001
HUH_NMH00002
HUH_NMY00001
HUH_NMY00002
HUH_NRO00001
HUH_NRO00002
HUH_NSC00001
HUH_NSC00002
HUH_NST00001
HUH_NST00002
HUH_NYO00001
HUH_NYO00002
HUH_NYT00001
HUH_NYT00002
KFU_NAY00001
KFU_NAY00002
KFU_NAY00003
KFU_NKS00001
KFU_NKS00002
KFU_NKS00003
KFU_NMH00001
KFU_NMH00002
KFU_NMH00003
KFU_NMY00001
KFU_NMY00002
KFU_NMY00003
KFU_NRO00001
KFU_NRO00002
KFU_NRO00003
KFU_NSC00001
KFU_NSC00002
KFU_NSC00003
KFU_NST00001
KFU_NST00002
KFU_NST00003
KFU_NYO00001
KFU_NYO00002
KFU_NYO00003
KFU_NYT00001
KFU_NYT00002
KFU_NYT00003
KUS_NAY00001
KUS_NAY00002
KUS_NAY00003
KUS_NKS00001
KUS_NKS00002
KUS_NKS00003
KUS_NMH00001
KUS_NMH00002
KUS_NMH00003
KUS_NMY00001
KUS_NMY00002
KUS_NMY00003
KUS_NRO00001
KUS_NRO00002
KUS_NRO00003
KUS_NSC00001
KUS_NSC00002
KUS_NSC00003
KUS_NST00001
KUS_NST00002
KUS_NST00003
KUS_NYO00001
KUS_NYO00002
KUS_NYO00003
KUS_NYT00001
KUS_NYT00002
KUS_NYT00003
KUT_NAY00001
KUT_NAY00002
KUT_NAY00003
KUT_NKS00001
KUT_NKS00002
KUT_NKS00003
KUT_NMH00001
KUT_NMH00002
KUT_NMH00003
KUT_NMY00001
KUT_NMY00002
KUT_NMY00003
KUT_NRO00001
KUT_NRO00002
KUT_NRO00003
KUT_NSC00001
KUT_NSC00002
KUT_NSC00003
KUT_NST00001
KUT_NST00002
KUT_NST00003
KUT_NYO00001
KUT_NYO00002
KUT_NYO00003
KUT_NYT00001
KUT_NYT00002
KUT_NYT00003
SWA_NAY00001
SWA_NAY00002
SWA_NAY00003
SWA_NKS00001
SWA_NKS00002
SWA_NKS00003
SWA_NMH00001
SWA_NMH00002
SWA_NMH00003
SWA_NMY00001
SWA_NMY00002
SWA_NMY00003
SWA_NRO00001
SWA_NRO00002
SWA_NRO00003
SWA_NSC00001
SWA_NSC00002
SWA_NSC00003
SWA_NST00001
SWA_NST00002
SWA_NST00003
SWA_NYO00001
SWA_NYO00002
SWA_NYO00003
SWA_NYT00001
SWA_NYT00002
SWA_NYT00003
UTA_NAY00001
UTA_NAY00002
UTA_NAY00003
UTA_NKS00001
UTA_NKS00002
UTA_NKS00003
UTA_NMH00001
UTA_NMH00002
UTA_NMH00003
UTA_NMY00001
UTA_NMY00002
UTA_NMY00003
UTA_NRO00001
UTA_NRO00002
UTA_NRO00003
UTA_NSC00001
UTA_NSC00002
UTA_NSC00003
UTA_NST00001
UTA_NST00002
UTA_NST00003
UTA_NYO00001
UTA_NYO00002
UTA_NYO00003
UTA_NYT00001
UTA_NYT00002
UTA_NYT00003
YC1_NAY00001
YC1_NAY00002
YC1_NAY00003
YC1_NKS00001
YC1_NKS00002
YC1_NKS00003
YC1_NMH00001
YC1_NMH00002
YC1_NMH00003
YC1_NMY00001
YC1_NMY00002
YC1_NMY00003
YC1_NRO00001
YC1_NRO00002
YC1_NRO00003
YC1_NSC00001
YC1_NSC00002
YC1_NSC00003
YC1_NST00001
YC1_NST00002
YC1_NST00003
YC1_NYO00001
YC1_NYO00002
YC1_NYO00003
YC1_NYT00001
YC1_NYT00002
YC1_NYT00003
YC2_NAY00001
YC2_NAY00002
YC2_NAY00003
YC2_NKS00001
YC2_NKS00002
YC2_NKS00003
YC2_NMH00001
YC2_NMH00002
YC2_NMH00003
YC2_NMY00001
YC2_NMY00002
YC2_NMY00003
YC2_NRO00001
YC2_NRO00002
YC2_NRO00003
YC2_NSC00001
YC2_NSC00002
YC2_NSC00003
YC2_NST00001
YC2_NST00002
YC2_NST00003
YC2_NYO00001
YC2_NYO00002
YC2_NYO00003
YC2_NYT00001
YC2_NYT00002
YC2_NYT00003
